<?xml version="1.0" encoding="UTF-8"?>
<!-- Generated by org.testng.reporters.JUnitXMLReporter -->
<testsuite ignored="0" hostname="Dennis_K" failures="1" tests="1" name="Surefire test" time="4.224" errors="0" timestamp="2025-10-31T13:56:21 IST">
  <testcase classname="io.cucumber.testng.AbstractTestNGCucumberTests" name="runScenario" time="2.109">
    <failure type="java.lang.NullPointerException" message="Cannot invoke &amp;quot;com.pages.Login.enterPassword(String)&amp;quot; because &amp;quot;this.login&amp;quot; is null">
      <![CDATA[java.lang.NullPointerException: Cannot invoke "com.pages.Login.enterPassword(String)" because "this.login" is null
at com.stepdefinitions.LoginPage.user_eneter_password_as(LoginPage.java:26)
at ✽.User eneter password as "secret_sauce"(file:///E:/WorkSpace/EcommerceApp/src/test/resources/features/Login.feature:5)
]]>
    </failure>
  </testcase> <!-- runScenario -->
</testsuite> <!-- Surefire test -->
