<?xml version="1.0" encoding="UTF-8"?>
<!-- Generated by org.testng.reporters.JUnitXMLReporter -->
<testsuite ignored="0" hostname="Dennis_K" failures="1" tests="6" name="Default test" time="79.87" errors="0" timestamp="2026-03-26T11:25:28 IST">
  <testcase classname="io.cucumber.testng.AbstractTestNGCucumberTests" name="runScenario" time="15.752"/>
  <testcase classname="io.cucumber.testng.AbstractTestNGCucumberTests" name="runScenario" time="4.04"/>
  <testcase classname="io.cucumber.testng.AbstractTestNGCucumberTests" name="runScenario" time="3.815"/>
  <testcase classname="io.cucumber.testng.AbstractTestNGCucumberTests" name="runScenario" time="44.358">
    <failure type="java.lang.NullPointerException" message="Cannot invoke &amp;quot;org.openqa.selenium.WebElement.click()&amp;quot; because &amp;quot;webElement&amp;quot; is null">
      <![CDATA[java.lang.NullPointerException: Cannot invoke "org.openqa.selenium.WebElement.click()" because "webElement" is null
at com.utils.ElementUtils.typeTextIntoElement(ElementUtils.java:33)
at com.pages.FlipCardPage.searchBymac(FlipCardPage.java:36)
at com.stepdefinitions.FlipCardSearch.user_click_on_search_page_and_search(FlipCardSearch.java:23)
at ✽.user click on search page and search "mac"(file:///E:/WorkSpace/EcommerceApp/src/test/resources/features/Flipcard.feature:6)
]]>
    </failure>
  </testcase> <!-- runScenario -->
  <testcase classname="io.cucumber.testng.AbstractTestNGCucumberTests" name="runScenario" time="4.753"/>
  <testcase classname="io.cucumber.testng.AbstractTestNGCucumberTests" name="runScenario" time="3.77"/>
</testsuite> <!-- Default test -->
