<?xml version="1.0" encoding="UTF-8"?>
<!-- Generated by org.testng.reporters.JUnitReportReporter -->
<testsuite hostname="Dennis_K" failures="0" tests="6" name="com.runner.TestRunner" time="76.488" errors="1" timestamp="2026-03-26T11:25:28 IST" skipped="0">
  <testcase classname="com.runner.TestRunner" name="runScenario" time="4.040"/>
  <system-out/>
  <testcase classname="com.runner.TestRunner" name="runScenario" time="44.358">
    <error message="Cannot invoke &quot;org.openqa.selenium.WebElement.click()&quot; because &quot;webElement&quot; is null" type="java.lang.NullPointerException">
      <![CDATA[java.lang.NullPointerException: Cannot invoke "org.openqa.selenium.WebElement.click()" because "webElement" is null
at com.utils.ElementUtils.typeTextIntoElement(ElementUtils.java:33)
at com.pages.FlipCardPage.searchBymac(FlipCardPage.java:36)
at com.stepdefinitions.FlipCardSearch.user_click_on_search_page_and_search(FlipCardSearch.java:23)
at ✽.user click on search page and search "mac"(file:///E:/WorkSpace/EcommerceApp/src/test/resources/features/Flipcard.feature:6)
]]>
    </error>
  </testcase> <!-- runScenario -->
  <system-out/>
  <testcase classname="com.runner.TestRunner" name="runScenario" time="4.753"/>
  <system-out/>
  <testcase classname="com.runner.TestRunner" name="runScenario" time="3.815"/>
  <system-out/>
  <testcase classname="com.runner.TestRunner" name="runScenario" time="15.752"/>
  <system-out/>
  <testcase classname="com.runner.TestRunner" name="runScenario" time="3.770"/>
  <system-out/>
</testsuite> <!-- com.runner.TestRunner -->
