<?xml version="1.0" encoding="UTF-8"?>
<!-- Generated by org.testng.reporters.JUnitReportReporter -->
<testsuite hostname="Dennis_K" failures="0" tests="4" name="com.utils.SampleTest" time="0.020" errors="0" timestamp="2026-03-14T22:11:52 IST" skipped="0">
  <testcase classname="com.utils.SampleTest" name="test2" time="0.014"/>
  <system-out/>
  <testcase classname="com.utils.SampleTest" name="test1" time="0.002"/>
  <system-out/>
  <testcase classname="com.utils.SampleTest" name="atest3" time="0.001"/>
  <system-out/>
  <testcase classname="com.utils.SampleTest" name="test3" time="0.003"/>
  <system-out/>
</testsuite> <!-- com.utils.SampleTest -->
