<?xml version="1.0" encoding="UTF-8"?>
<!-- Generated by org.testng.reporters.JUnitReportReporter -->
<testsuite hostname="Dennis_K" failures="0" tests="1" name="com.runner.TestRunner" time="2.109" errors="1" timestamp="2025-10-31T13:56:22 IST" skipped="0">
  <testcase classname="com.runner.TestRunner" name="runScenario" time="2.109">
    <error message="Cannot invoke &quot;com.pages.Login.enterPassword(String)&quot; because &quot;this.login&quot; is null" type="java.lang.NullPointerException">
      <![CDATA[java.lang.NullPointerException: Cannot invoke "com.pages.Login.enterPassword(String)" because "this.login" is null
at com.stepdefinitions.LoginPage.user_eneter_password_as(LoginPage.java:26)
at ✽.User eneter password as "secret_sauce"(file:///E:/WorkSpace/EcommerceApp/src/test/resources/features/Login.feature:5)
]]>
    </error>
  </testcase> <!-- runScenario -->
  <system-out/>
</testsuite> <!-- com.runner.TestRunner -->
