<?xml version="1.0" encoding="UTF-8"?>
<!-- Generated by org.testng.reporters.JUnitReportReporter -->
<testsuite hostname="Dennis_K" failures="0" tests="6" name="com.runner.TestRunner" time="115.785" errors="3" timestamp="2026-03-26T12:00:32 IST" skipped="0">
  <testcase classname="com.runner.TestRunner" name="runScenario" time="7.967"/>
  <system-out/>
  <testcase classname="com.runner.TestRunner" name="runScenario" time="33.316">
    <error message="Cannot invoke &quot;org.openqa.selenium.WebElement.click()&quot; because &quot;webElement&quot; is null" type="java.lang.NullPointerException">
      <![CDATA[java.lang.NullPointerException: Cannot invoke "org.openqa.selenium.WebElement.click()" because "webElement" is null
at com.utils.ElementUtils.typeTextIntoElement(ElementUtils.java:33)
at com.pages.FlipCardPage.searchBymac(FlipCardPage.java:36)
at com.stepdefinitions.FlipCardSearch.user_click_on_search_page_and_search(FlipCardSearch.java:23)
at ✽.user click on search page and search "mac"(file:///E:/WorkSpace/EcommerceApp/src/test/resources/features/Flipcard.feature:6)
]]>
    </error>
  </testcase> <!-- runScenario -->
  <system-out/>
  <testcase classname="com.runner.TestRunner" name="runScenario" time="4.311"/>
  <system-out/>
  <testcase classname="com.runner.TestRunner" name="runScenario" time="32.703">
    <error message="Cannot invoke &quot;org.openqa.selenium.WebElement.click()&quot; because &quot;webElement&quot; is null" type="java.lang.NullPointerException">
      <![CDATA[java.lang.NullPointerException: Cannot invoke "org.openqa.selenium.WebElement.click()" because "webElement" is null
at com.utils.ElementUtils.clickOnElement(ElementUtils.java:26)
at com.pages.Home.clickPractice(Home.java:74)
at com.stepdefinitions.PracticePage.user_click_practice_hyperlink(PracticePage.java:27)
at ✽.User click Practice hyperlink(file:///E:/WorkSpace/EcommerceApp/src/test/resources/features/Practice.feature:5)
]]>
    </error>
  </testcase> <!-- runScenario -->
  <system-out/>
  <testcase classname="com.runner.TestRunner" name="runScenario" time="33.172">
    <error message="Cannot invoke &quot;org.openqa.selenium.WebElement.click()&quot; because &quot;webElement&quot; is null" type="java.lang.NullPointerException">
      <![CDATA[java.lang.NullPointerException: Cannot invoke "org.openqa.selenium.WebElement.click()" because "webElement" is null
at com.utils.ElementUtils.typeTextIntoElement(ElementUtils.java:33)
at com.pages.Login.enterUsername(Login.java:37)
at com.stepdefinitions.LoginPage.user_enter_username_as(LoginPage.java:26)
at ✽.User enter username as "student"(file:///E:/WorkSpace/EcommerceApp/src/test/resources/features/Login.feature:6)
]]>
    </error>
  </testcase> <!-- runScenario -->
  <system-out/>
  <testcase classname="com.runner.TestRunner" name="runScenario" time="4.316"/>
  <system-out/>
</testsuite> <!-- com.runner.TestRunner -->
